<?xml version="1.0" encoding="UTF-8"?>
<!-- Generated by org.testng.reporters.JUnitReportReporter -->
<testsuite hostname="DESKTOP-PIA3944" failures="0" tests="2" name="tests.Testone" time="15.759" errors="0" timestamp="2024-09-26T18:26:53 IST" skipped="0">
  <testcase classname="tests.Testone" name="test_02" time="5.536"/>
  <testcase classname="tests.Testone" name="test_01" time="10.223"/>
</testsuite> <!-- tests.Testone -->
