<?xml version="1.0" encoding="UTF-8"?>
<!-- Generated by org.testng.reporters.JUnitReportReporter -->
<testsuite hostname="DESKTOP-PIA3944" failures="0" tests="2" name="tests.GetAndPost" time="12.408" errors="0" timestamp="2024-09-27T10:51:26 IST" skipped="0">
  <testcase classname="tests.GetAndPost" name="testPost" time="0.007"/>
  <testcase classname="tests.GetAndPost" name="testGet" time="12.401"/>
</testsuite> <!-- tests.GetAndPost -->
